<?xml version="1.0" encoding="UTF-8"?>
<testng-results skipped="0" failed="1" ignored="0" total="6" passed="5">
  <reporter-output>
  </reporter-output>
  <suite name="Place Order Suite" duration-ms="287028" started-at="2023-10-10T21:14:54 BDT" finished-at="2023-10-10T21:19:41 BDT">
    <groups>
    </groups>
    <test name="Test" duration-ms="287028" started-at="2023-10-10T21:14:54 BDT" finished-at="2023-10-10T21:19:41 BDT">
      <class name="Ecommerce.OnlineShoppingAutomation.CartPageDisplay">
        <test-method status="PASS" signature="LaunchBrowser()[pri:0, instance:Ecommerce.OnlineShoppingAutomation.CartPageDisplay@2d8f65a4]" name="LaunchBrowser" is-config="true" duration-ms="8476" started-at="2023-10-10T21:15:20 BDT" finished-at="2023-10-10T21:15:29 BDT">
          <reporter-output>
          </reporter-output>
        </test-method> <!-- LaunchBrowser -->
        <test-method status="PASS" signature="VerifyCartPage()[pri:2, instance:Ecommerce.OnlineShoppingAutomation.CartPageDisplay@2d8f65a4]" name="VerifyCartPage" duration-ms="30193" started-at="2023-10-10T21:15:29 BDT" finished-at="2023-10-10T21:15:59 BDT">
          <reporter-output>
          </reporter-output>
        </test-method> <!-- VerifyCartPage -->
        <test-method status="PASS" signature="CloseBrowser()[pri:0, instance:Ecommerce.OnlineShoppingAutomation.CartPageDisplay@2d8f65a4]" name="CloseBrowser" is-config="true" duration-ms="4069" started-at="2023-10-10T21:15:59 BDT" finished-at="2023-10-10T21:16:03 BDT">
          <reporter-output>
          </reporter-output>
        </test-method> <!-- CloseBrowser -->
      </class> <!-- Ecommerce.OnlineShoppingAutomation.CartPageDisplay -->
      <class name="Ecommerce.OnlineShoppingAutomation.HomePageVisibility">
        <test-method status="PASS" signature="LaunchBrowser()[pri:0, instance:Ecommerce.OnlineShoppingAutomation.HomePageVisibility@27a8c74e]" name="LaunchBrowser" is-config="true" duration-ms="11753" started-at="2023-10-10T21:14:54 BDT" finished-at="2023-10-10T21:15:05 BDT">
          <reporter-output>
          </reporter-output>
        </test-method> <!-- LaunchBrowser -->
        <test-method status="PASS" signature="VerifyHomePageVisibility()[pri:1, instance:Ecommerce.OnlineShoppingAutomation.HomePageVisibility@27a8c74e]" name="VerifyHomePageVisibility" duration-ms="11656" started-at="2023-10-10T21:15:05 BDT" finished-at="2023-10-10T21:15:17 BDT">
          <reporter-output>
          </reporter-output>
        </test-method> <!-- VerifyHomePageVisibility -->
        <test-method status="PASS" signature="CloseBrowser()[pri:0, instance:Ecommerce.OnlineShoppingAutomation.HomePageVisibility@27a8c74e]" name="CloseBrowser" is-config="true" duration-ms="3147" started-at="2023-10-10T21:15:17 BDT" finished-at="2023-10-10T21:15:20 BDT">
          <reporter-output>
          </reporter-output>
        </test-method> <!-- CloseBrowser -->
      </class> <!-- Ecommerce.OnlineShoppingAutomation.HomePageVisibility -->
      <class name="Ecommerce.OnlineShoppingAutomation.ReviewAddressAndOrderDetails">
        <test-method status="PASS" signature="LaunchBrowser()[pri:0, instance:Ecommerce.OnlineShoppingAutomation.ReviewAddressAndOrderDetails@59e5ddf]" name="LaunchBrowser" is-config="true" duration-ms="8386" started-at="2023-10-10T21:17:22 BDT" finished-at="2023-10-10T21:17:30 BDT">
          <reporter-output>
          </reporter-output>
        </test-method> <!-- LaunchBrowser -->
        <test-method status="PASS" signature="VerifyAddressAndOrder()[pri:5, instance:Ecommerce.OnlineShoppingAutomation.ReviewAddressAndOrderDetails@59e5ddf]" name="VerifyAddressAndOrder" duration-ms="54690" started-at="2023-10-10T21:17:30 BDT" finished-at="2023-10-10T21:18:25 BDT">
          <reporter-output>
          </reporter-output>
        </test-method> <!-- VerifyAddressAndOrder -->
        <test-method status="PASS" signature="CloseBrowser()[pri:0, instance:Ecommerce.OnlineShoppingAutomation.ReviewAddressAndOrderDetails@59e5ddf]" name="CloseBrowser" is-config="true" duration-ms="5285" started-at="2023-10-10T21:18:25 BDT" finished-at="2023-10-10T21:18:30 BDT">
          <reporter-output>
          </reporter-output>
        </test-method> <!-- CloseBrowser -->
      </class> <!-- Ecommerce.OnlineShoppingAutomation.ReviewAddressAndOrderDetails -->
      <class name="Ecommerce.OnlineShoppingAutomation.PlaceOrderSuccessfulMessage">
        <test-method status="PASS" signature="LaunchBrowser()[pri:0, instance:Ecommerce.OnlineShoppingAutomation.PlaceOrderSuccessfulMessage@536aaa8d]" name="LaunchBrowser" is-config="true" duration-ms="8447" started-at="2023-10-10T21:18:30 BDT" finished-at="2023-10-10T21:18:39 BDT">
          <reporter-output>
          </reporter-output>
        </test-method> <!-- LaunchBrowser -->
        <test-method status="PASS" signature="VerifyPlaceOrderSuccessMessage()[pri:6, instance:Ecommerce.OnlineShoppingAutomation.PlaceOrderSuccessfulMessage@536aaa8d]" name="VerifyPlaceOrderSuccessMessage" duration-ms="56379" started-at="2023-10-10T21:18:39 BDT" finished-at="2023-10-10T21:19:35 BDT">
          <reporter-output>
          </reporter-output>
        </test-method> <!-- VerifyPlaceOrderSuccessMessage -->
        <test-method status="PASS" signature="CloseBrowser()[pri:0, instance:Ecommerce.OnlineShoppingAutomation.PlaceOrderSuccessfulMessage@536aaa8d]" name="CloseBrowser" is-config="true" duration-ms="5659" started-at="2023-10-10T21:19:35 BDT" finished-at="2023-10-10T21:19:41 BDT">
          <reporter-output>
          </reporter-output>
        </test-method> <!-- CloseBrowser -->
      </class> <!-- Ecommerce.OnlineShoppingAutomation.PlaceOrderSuccessfulMessage -->
      <class name="Ecommerce.OnlineShoppingAutomation.SignInPage">
        <test-method status="PASS" signature="LaunchBrowser()[pri:0, instance:Ecommerce.OnlineShoppingAutomation.SignInPage@646d64ab]" name="LaunchBrowser" is-config="true" duration-ms="8387" started-at="2023-10-10T21:16:41 BDT" finished-at="2023-10-10T21:16:50 BDT">
          <reporter-output>
          </reporter-output>
        </test-method> <!-- LaunchBrowser -->
        <test-method status="PASS" signature="VerifyLoggedInAsUsername()[pri:4, instance:Ecommerce.OnlineShoppingAutomation.SignInPage@646d64ab]" name="VerifyLoggedInAsUsername" duration-ms="28751" started-at="2023-10-10T21:16:50 BDT" finished-at="2023-10-10T21:17:18 BDT">
          <reporter-output>
          </reporter-output>
        </test-method> <!-- VerifyLoggedInAsUsername -->
        <test-method status="PASS" signature="CloseBrowser()[pri:0, instance:Ecommerce.OnlineShoppingAutomation.SignInPage@646d64ab]" name="CloseBrowser" is-config="true" duration-ms="3257" started-at="2023-10-10T21:17:18 BDT" finished-at="2023-10-10T21:17:22 BDT">
          <reporter-output>
          </reporter-output>
        </test-method> <!-- CloseBrowser -->
      </class> <!-- Ecommerce.OnlineShoppingAutomation.SignInPage -->
      <class name="Ecommerce.OnlineShoppingAutomation.SignUpPage">
        <test-method status="PASS" signature="LaunchBrowser()[pri:0, instance:Ecommerce.OnlineShoppingAutomation.SignUpPage@1b68ddbd]" name="LaunchBrowser" is-config="true" duration-ms="8604" started-at="2023-10-10T21:16:03 BDT" finished-at="2023-10-10T21:16:12 BDT">
          <reporter-output>
          </reporter-output>
        </test-method> <!-- LaunchBrowser -->
        <test-method status="FAIL" signature="VerifyAccountCreated()[pri:3, instance:Ecommerce.OnlineShoppingAutomation.SignUpPage@1b68ddbd]" name="VerifyAccountCreated" duration-ms="27061" started-at="2023-10-10T21:16:12 BDT" finished-at="2023-10-10T21:16:39 BDT">
          <exception class="org.openqa.selenium.NoSuchElementException">
            <message>
              <![CDATA[Unable to locate element: #id_gender1
For documentation on this error, please visit: https://www.selenium.dev/documentation/webdriver/troubleshooting/errors#no-such-element-exception
Build info: version: '4.12.0', revision: '249f2a7d1b*'
System info: os.name: 'Windows 10', os.arch: 'amd64', os.version: '10.0', java.version: '1.8.0_381'
Driver info: org.openqa.selenium.firefox.FirefoxDriver
Command: [481e4dda-2149-4744-9712-ee739b43eea3, findElement {using=id, value=id_gender1}]
Capabilities {acceptInsecureCerts: true, browserName: firefox, browserVersion: 118.0.1, moz:accessibilityChecks: false, moz:buildID: 20230927232528, moz:debuggerAddress: 127.0.0.1:18545, moz:geckodriverVersion: 0.33.0, moz:headless: false, moz:platformVersion: 10.0, moz:processID: 6408, moz:profile: C:\Users\shariful\AppData\L..., moz:shutdownTimeout: 60000, moz:webdriverClick: true, moz:windowless: false, pageLoadStrategy: normal, platformName: windows, proxy: Proxy(), se:cdp: ws://127.0.0.1:18545/devtoo..., se:cdpVersion: 85.0, setWindowRect: true, strictFileInteractability: false, timeouts: {implicit: 0, pageLoad: 300000, script: 30000}, unhandledPromptBehavior: dismiss and notify}
Session ID: 481e4dda-2149-4744-9712-ee739b43eea3]]>
            </message>
            <full-stacktrace>
              <![CDATA[org.openqa.selenium.NoSuchElementException: Unable to locate element: #id_gender1
For documentation on this error, please visit: https://www.selenium.dev/documentation/webdriver/troubleshooting/errors#no-such-element-exception
Build info: version: '4.12.0', revision: '249f2a7d1b*'
System info: os.name: 'Windows 10', os.arch: 'amd64', os.version: '10.0', java.version: '1.8.0_381'
Driver info: org.openqa.selenium.firefox.FirefoxDriver
Command: [481e4dda-2149-4744-9712-ee739b43eea3, findElement {using=id, value=id_gender1}]
Capabilities {acceptInsecureCerts: true, browserName: firefox, browserVersion: 118.0.1, moz:accessibilityChecks: false, moz:buildID: 20230927232528, moz:debuggerAddress: 127.0.0.1:18545, moz:geckodriverVersion: 0.33.0, moz:headless: false, moz:platformVersion: 10.0, moz:processID: 6408, moz:profile: C:\Users\shariful\AppData\L..., moz:shutdownTimeout: 60000, moz:webdriverClick: true, moz:windowless: false, pageLoadStrategy: normal, platformName: windows, proxy: Proxy(), se:cdp: ws://127.0.0.1:18545/devtoo..., se:cdpVersion: 85.0, setWindowRect: true, strictFileInteractability: false, timeouts: {implicit: 0, pageLoad: 300000, script: 30000}, unhandledPromptBehavior: dismiss and notify}
Session ID: 481e4dda-2149-4744-9712-ee739b43eea3
at sun.reflect.NativeConstructorAccessorImpl.newInstance0(Native Method)
at sun.reflect.NativeConstructorAccessorImpl.newInstance(NativeConstructorAccessorImpl.java:62)
at sun.reflect.DelegatingConstructorAccessorImpl.newInstance(DelegatingConstructorAccessorImpl.java:45)
at java.lang.reflect.Constructor.newInstance(Constructor.java:423)
at org.openqa.selenium.remote.codec.w3c.W3CHttpResponseCodec.createException(W3CHttpResponseCodec.java:200)
at org.openqa.selenium.remote.codec.w3c.W3CHttpResponseCodec.decode(W3CHttpResponseCodec.java:133)
at org.openqa.selenium.remote.codec.w3c.W3CHttpResponseCodec.decode(W3CHttpResponseCodec.java:52)
at org.openqa.selenium.remote.HttpCommandExecutor.execute(HttpCommandExecutor.java:191)
at org.openqa.selenium.remote.service.DriverCommandExecutor.invokeExecute(DriverCommandExecutor.java:196)
at org.openqa.selenium.remote.service.DriverCommandExecutor.execute(DriverCommandExecutor.java:171)
at org.openqa.selenium.remote.RemoteWebDriver.execute(RemoteWebDriver.java:602)
at org.openqa.selenium.remote.ElementLocation$ElementFinder$2.findElement(ElementLocation.java:165)
at org.openqa.selenium.remote.ElementLocation.findElement(ElementLocation.java:66)
at org.openqa.selenium.remote.RemoteWebDriver.findElement(RemoteWebDriver.java:359)
at org.openqa.selenium.remote.RemoteWebDriver.findElement(RemoteWebDriver.java:353)
at Ecommerce.OnlineShoppingAutomation.SignUpPage.VerifyAccountCreated(SignUpPage.java:33)
at sun.reflect.NativeMethodAccessorImpl.invoke0(Native Method)
at sun.reflect.NativeMethodAccessorImpl.invoke(NativeMethodAccessorImpl.java:62)
at sun.reflect.DelegatingMethodAccessorImpl.invoke(DelegatingMethodAccessorImpl.java:43)
at java.lang.reflect.Method.invoke(Method.java:498)
at org.testng.internal.MethodInvocationHelper.invokeMethod(MethodInvocationHelper.java:133)
at org.testng.internal.TestInvoker.invokeMethod(TestInvoker.java:584)
at org.testng.internal.TestInvoker.invokeTestMethod(TestInvoker.java:172)
at org.testng.internal.MethodRunner.runInSequence(MethodRunner.java:46)
at org.testng.internal.TestInvoker$MethodInvocationAgent.invoke(TestInvoker.java:804)
at org.testng.internal.TestInvoker.invokeTestMethods(TestInvoker.java:145)
at org.testng.internal.TestMethodWorker.invokeTestMethods(TestMethodWorker.java:146)
at org.testng.internal.TestMethodWorker.run(TestMethodWorker.java:128)
at java.util.ArrayList.forEach(ArrayList.java:1259)
at org.testng.TestRunner.privateRun(TestRunner.java:770)
at org.testng.TestRunner.run(TestRunner.java:591)
at org.testng.SuiteRunner.runTest(SuiteRunner.java:402)
at org.testng.SuiteRunner.runSequentially(SuiteRunner.java:396)
at org.testng.SuiteRunner.privateRun(SuiteRunner.java:355)
at org.testng.SuiteRunner.run(SuiteRunner.java:304)
at org.testng.SuiteRunnerWorker.runSuite(SuiteRunnerWorker.java:53)
at org.testng.SuiteRunnerWorker.run(SuiteRunnerWorker.java:96)
at org.testng.TestNG.runSuitesSequentially(TestNG.java:1180)
at org.testng.TestNG.runSuitesLocally(TestNG.java:1102)
at org.testng.TestNG.runSuites(TestNG.java:1032)
at org.testng.TestNG.run(TestNG.java:1000)
at org.testng.remote.AbstractRemoteTestNG.run(AbstractRemoteTestNG.java:115)
at org.testng.remote.RemoteTestNG.initAndRun(RemoteTestNG.java:251)
at org.testng.remote.RemoteTestNG.main(RemoteTestNG.java:77)
]]>
            </full-stacktrace>
          </exception> <!-- org.openqa.selenium.NoSuchElementException -->
          <reporter-output>
          </reporter-output>
        </test-method> <!-- VerifyAccountCreated -->
        <test-method status="PASS" signature="CloseBrowser()[pri:0, instance:Ecommerce.OnlineShoppingAutomation.SignUpPage@1b68ddbd]" name="CloseBrowser" is-config="true" duration-ms="2720" started-at="2023-10-10T21:16:39 BDT" finished-at="2023-10-10T21:16:41 BDT">
          <reporter-output>
          </reporter-output>
        </test-method> <!-- CloseBrowser -->
      </class> <!-- Ecommerce.OnlineShoppingAutomation.SignUpPage -->
    </test> <!-- Test -->
  </suite> <!-- Place Order Suite -->
</testng-results>
