<?xml version="1.0" encoding="UTF-8"?>
<testng-results skipped="0" failed="0" ignored="0" total="6" passed="6">
  <reporter-output>
  </reporter-output>
  <suite name="Place Order Suite" duration-ms="164440" started-at="2023-10-09T22:18:10 BDT" finished-at="2023-10-09T22:20:54 BDT">
    <groups>
    </groups>
    <test name="Test" duration-ms="164440" started-at="2023-10-09T22:18:10 BDT" finished-at="2023-10-09T22:20:54 BDT">
      <class name="Ecommerce.OnlineShoppingAutomation.EcommerceAutomation">
        <test-method status="PASS" signature="LaunchBrowser()[pri:0, instance:Ecommerce.OnlineShoppingAutomation.EcommerceAutomation@17579e0f]" name="LaunchBrowser" is-config="true" duration-ms="12344" started-at="2023-10-09T22:18:10 BDT" finished-at="2023-10-09T22:18:22 BDT">
          <reporter-output>
          </reporter-output>
        </test-method> <!-- LaunchBrowser -->
        <test-method status="PASS" signature="VerifyHomePage()[pri:1, instance:Ecommerce.OnlineShoppingAutomation.EcommerceAutomation@17579e0f]" name="VerifyHomePage" duration-ms="27924" started-at="2023-10-09T22:18:22 BDT" finished-at="2023-10-09T22:18:50 BDT">
          <reporter-output>
          </reporter-output>
        </test-method> <!-- VerifyHomePage -->
        <test-method status="PASS" signature="VerifyCartPage()[pri:2, instance:Ecommerce.OnlineShoppingAutomation.EcommerceAutomation@17579e0f]" name="VerifyCartPage" duration-ms="22682" started-at="2023-10-09T22:18:50 BDT" finished-at="2023-10-09T22:19:13 BDT">
          <reporter-output>
          </reporter-output>
        </test-method> <!-- VerifyCartPage -->
        <test-method status="PASS" signature="VerifyAccountCreated()[pri:3, instance:Ecommerce.OnlineShoppingAutomation.EcommerceAutomation@17579e0f]" name="VerifyAccountCreated" duration-ms="24232" started-at="2023-10-09T22:19:13 BDT" finished-at="2023-10-09T22:19:37 BDT">
          <reporter-output>
          </reporter-output>
        </test-method> <!-- VerifyAccountCreated -->
        <test-method status="PASS" signature="VerifyLoggedInAsUsername()[pri:4, instance:Ecommerce.OnlineShoppingAutomation.EcommerceAutomation@17579e0f]" name="VerifyLoggedInAsUsername" duration-ms="22600" started-at="2023-10-09T22:19:37 BDT" finished-at="2023-10-09T22:20:00 BDT">
          <reporter-output>
          </reporter-output>
        </test-method> <!-- VerifyLoggedInAsUsername -->
        <test-method status="PASS" signature="VerifyAddressAndOrder()[pri:5, instance:Ecommerce.OnlineShoppingAutomation.EcommerceAutomation@17579e0f]" name="VerifyAddressAndOrder" duration-ms="24489" started-at="2023-10-09T22:20:00 BDT" finished-at="2023-10-09T22:20:24 BDT">
          <reporter-output>
          </reporter-output>
        </test-method> <!-- VerifyAddressAndOrder -->
        <test-method status="PASS" signature="VerifyPlaceOrderSuccessMessage()[pri:6, instance:Ecommerce.OnlineShoppingAutomation.EcommerceAutomation@17579e0f]" name="VerifyPlaceOrderSuccessMessage" duration-ms="26610" started-at="2023-10-09T22:20:24 BDT" finished-at="2023-10-09T22:20:51 BDT">
          <reporter-output>
          </reporter-output>
        </test-method> <!-- VerifyPlaceOrderSuccessMessage -->
        <test-method status="PASS" signature="CloseBrowser()[pri:0, instance:Ecommerce.OnlineShoppingAutomation.EcommerceAutomation@17579e0f]" name="CloseBrowser" is-config="true" duration-ms="3461" started-at="2023-10-09T22:20:51 BDT" finished-at="2023-10-09T22:20:54 BDT">
          <reporter-output>
          </reporter-output>
        </test-method> <!-- CloseBrowser -->
      </class> <!-- Ecommerce.OnlineShoppingAutomation.EcommerceAutomation -->
    </test> <!-- Test -->
  </suite> <!-- Place Order Suite -->
</testng-results>
