<?xml version="1.0" encoding="UTF-8"?>
<!-- Generated by org.testng.reporters.JUnitXMLReporter -->
<testsuite hostname="PI-Shariful" ignored="0" name="Test" tests="6" failures="0" timestamp="2023-10-08T11:11:34 BDT" time="92.021" errors="0">
  <testcase name="VerifyHomePage" time="6.198" classname="Ecommerce.OnlineShoppingAutomation.EcommerceAutomation"/>
  <testcase name="VerifyCartPage" time="11.019" classname="Ecommerce.OnlineShoppingAutomation.EcommerceAutomation"/>
  <testcase name="VerifyAccountCreated" time="19.328" classname="Ecommerce.OnlineShoppingAutomation.EcommerceAutomation"/>
  <testcase name="VerifyLoggedInAsUsername" time="12.022" classname="Ecommerce.OnlineShoppingAutomation.EcommerceAutomation"/>
  <testcase name="VerifyAddressAndOrder" time="11.252" classname="Ecommerce.OnlineShoppingAutomation.EcommerceAutomation"/>
  <testcase name="VerifyPlaceOrderSuccessMessage" time="25.64" classname="Ecommerce.OnlineShoppingAutomation.EcommerceAutomation"/>
</testsuite> <!-- Test -->
