<?xml version="1.0" encoding="UTF-8"?>
<!-- Generated by org.testng.reporters.JUnitXMLReporter -->
<testsuite hostname="PI-Shariful" ignored="0" name="Test" tests="6" failures="0" timestamp="2023-10-09T22:20:55 BDT" time="164.44" errors="0">
  <testcase name="VerifyHomePage" time="27.924" classname="Ecommerce.OnlineShoppingAutomation.EcommerceAutomation"/>
  <testcase name="VerifyCartPage" time="22.682" classname="Ecommerce.OnlineShoppingAutomation.EcommerceAutomation"/>
  <testcase name="VerifyAccountCreated" time="24.232" classname="Ecommerce.OnlineShoppingAutomation.EcommerceAutomation"/>
  <testcase name="VerifyLoggedInAsUsername" time="22.6" classname="Ecommerce.OnlineShoppingAutomation.EcommerceAutomation"/>
  <testcase name="VerifyAddressAndOrder" time="24.489" classname="Ecommerce.OnlineShoppingAutomation.EcommerceAutomation"/>
  <testcase name="VerifyPlaceOrderSuccessMessage" time="26.61" classname="Ecommerce.OnlineShoppingAutomation.EcommerceAutomation"/>
</testsuite> <!-- Test -->
